INFO  01:50:40 11/11/2019 User enter login: dzfbhgz
INFO  01:50:40 11/11/2019 User enter password: 
INFO  01:50:47 11/11/2019 User enter login: fsgrv
INFO  01:50:49 11/11/2019 User enter password: fdg
INFO  01:51:05 11/11/2019 User enter login: guest
INFO  01:51:06 11/11/2019 User enter password: 1
INFO  01:51:10 11/11/2019 User enter selected item: 2
INFO  01:51:16 11/11/2019 User enter trip ID: 6321
INFO  18:52:33 12/11/2019 User enter login: dfbhsrgjyr
INFO  18:52:35 12/11/2019 User enter password: rth
INFO  18:52:38 12/11/2019 User enter login: fhkgj
INFO  18:52:40 12/11/2019 User enter password: eg
INFO  18:52:49 12/11/2019 User enter login: guest
INFO  18:52:50 12/11/2019 User enter password: 1
INFO  18:52:55 12/11/2019 User enter selected item: 2
INFO  18:53:01 12/11/2019 User enter trip ID: 4563
INFO  18:53:30 12/11/2019 User enter trip ID: 7
INFO  20:48:16 12/11/2019 User enter login: guest
INFO  20:48:17 12/11/2019 User enter password: 1
INFO  20:48:20 12/11/2019 User enter selected item: 7
INFO  21:08:06 12/11/2019 User enter login: guest
INFO  21:08:06 12/11/2019 User enter password: 1
INFO  21:08:10 12/11/2019 User enter selected item: 7
INFO  21:32:59 12/11/2019 User enter login: guest
INFO  21:33:00 12/11/2019 User enter password: 1
INFO  21:33:03 12/11/2019 User enter selected item: 7
INFO  22:21:31 12/11/2019 User enter login: erghteh
INFO  22:21:34 12/11/2019 User enter password: fgh
INFO  22:21:40 12/11/2019 User enter login: guest
INFO  22:21:42 12/11/2019 User enter password: 1
INFO  22:21:46 12/11/2019 User enter selected item: 7
INFO  19:37:00 27/11/2019 User enter login: guest
INFO  19:37:00 27/11/2019 User enter password: 1
INFO  19:37:03 27/11/2019 User enter selected item: 1
INFO  19:37:37 27/11/2019 User enter selected item: 3
INFO  19:37:39 27/11/2019 User enter destination ID: 2
INFO  19:37:45 27/11/2019 User enter date: 28/11/2019
INFO  19:37:48 27/11/2019 User enter count: 2
INFO  19:38:03 27/11/2019 User enter for cancel: 1610
INFO  19:38:03 27/11/2019 User enter trip ID: 1610
INFO  19:38:06 27/11/2019 User enter selected item: 5
INFO  19:42:31 27/11/2019 User enter login: guest
INFO  19:42:32 27/11/2019 User enter password: 1
INFO  19:42:36 27/11/2019 User enter selected item: 5
INFO  19:42:46 27/11/2019 User enter selected item: 5
INFO  19:43:11 27/11/2019 User enter login: guest
INFO  19:43:12 27/11/2019 User enter password: 1
INFO  19:43:16 27/11/2019 User enter selected item: 5
INFO  19:47:41 27/11/2019 User enter login: guest
INFO  19:47:41 27/11/2019 User enter password: 1
INFO  19:48:47 27/11/2019 User enter login: guest
INFO  19:48:48 27/11/2019 User enter password: 1
INFO  19:48:58 27/11/2019 User enter selected item: 5
INFO  19:49:57 27/11/2019 User enter login: guest
INFO  19:49:58 27/11/2019 User enter password: 1
INFO  19:49:59 27/11/2019 User enter selected item: 5
INFO  19:50:52 27/11/2019 User enter login: guest
INFO  19:50:53 27/11/2019 User enter password: 1
INFO  19:50:54 27/11/2019 User enter selected item: 5
INFO  19:51:23 27/11/2019 User enter login: guest
INFO  19:51:24 27/11/2019 User enter password: 1
INFO  19:51:26 27/11/2019 User enter selected item: 5
INFO  19:52:11 27/11/2019 User enter login: guest
INFO  19:52:11 27/11/2019 User enter password: 1
INFO  19:52:14 27/11/2019 User enter selected item: 5
INFO  19:52:48 27/11/2019 User enter login: guest
INFO  19:52:49 27/11/2019 User enter password: 1
INFO  19:52:51 27/11/2019 User enter selected item: 5
INFO  19:53:19 27/11/2019 User enter login: guest
INFO  19:53:20 27/11/2019 User enter password: 1
INFO  19:53:22 27/11/2019 User enter selected item: 5
INFO  19:53:55 27/11/2019 User enter login: guest
INFO  19:53:55 27/11/2019 User enter password: 1
INFO  19:53:58 27/11/2019 User enter selected item: 5
INFO  19:54:42 27/11/2019 User enter selected item: 3
INFO  19:54:47 27/11/2019 User enter destination ID: 2
INFO  19:54:51 27/11/2019 User enter date: 28/11/2019
INFO  19:54:56 27/11/2019 User enter count: -1
INFO  19:54:57 27/11/2019 User enter trip ID: -1
INFO  19:54:58 27/11/2019 User enter selected item: 3
INFO  19:55:01 27/11/2019 User enter destination ID: 2
INFO  19:55:05 27/11/2019 User enter date: 29/11/2019
INFO  19:55:10 27/11/2019 User enter count: 2
INFO  19:55:13 27/11/2019 User enter trip ID: -1
INFO  19:55:15 27/11/2019 User enter selected item: 2
INFO  19:55:18 27/11/2019 User enter trip ID: 2222
INFO  19:55:20 27/11/2019 User enter trip ID: 222
INFO  19:55:22 27/11/2019 User enter trip ID: 0
INFO  19:55:46 27/11/2019 User enter login: guest
INFO  19:55:46 27/11/2019 User enter password: 1
INFO  19:57:27 27/11/2019 User enter login: guest
INFO  19:57:28 27/11/2019 User enter password: 1
INFO  19:57:54 27/11/2019 User enter selected item: 1
INFO  19:58:05 27/11/2019 User enter selected item: 3
INFO  19:58:07 27/11/2019 User enter destination ID: 8
INFO  19:59:25 27/11/2019 User enter date: 28/11/2019
INFO  19:59:29 27/11/2019 User enter count: 8907
INFO  19:59:35 27/11/2019 User enter trip ID: -1
INFO  19:59:38 27/11/2019 User enter selected item: 3
INFO  19:59:41 27/11/2019 User enter destination ID: 8
INFO  19:59:46 27/11/2019 User enter date: 28/11/2019
INFO  20:01:56 27/11/2019 User enter count: 3
INFO  20:02:11 27/11/2019 User enter for cancel: 8907
INFO  20:02:11 27/11/2019 User enter trip ID: 8907
INFO  20:02:14 27/11/2019 User enter selected item: 5
INFO  20:02:28 27/11/2019 User enter selected item: 2
INFO  20:02:31 27/11/2019 User enter trip ID: 7
INFO  20:02:33 27/11/2019 User enter trip ID: 6
INFO  20:02:37 27/11/2019 User enter trip ID: -1
INFO  20:13:36 27/11/2019 User enter login: test
INFO  20:13:38 27/11/2019 User enter password: 1
INFO  20:13:42 27/11/2019 User enter login: guest
INFO  20:13:42 27/11/2019 User enter password: 1
INFO  20:13:48 27/11/2019 User enter selected item: 5
INFO  20:18:20 27/11/2019 User enter login: guest
INFO  20:18:21 27/11/2019 User enter password: 1
